[19-May-2023 02:55:41 UTC] Hello, errors!
[19-May-2023 02:55:41 UTC] PHP Warning:  require_once(libs/controller.php): Failed to open stream: No such file or directory in /home/u896345182/domains/piniors.com/public_html/index.php on line 15
[19-May-2023 02:55:41 UTC] PHP Fatal error:  Uncaught Error: Failed opening required 'libs/controller.php' (include_path='.:/opt/alt/php80/usr/share/pear:/opt/alt/php80/usr/share/php:/usr/share/pear:/usr/share/php') in /home/u896345182/domains/piniors.com/public_html/index.php:15
Stack trace:
#0 {main}
  thrown in /home/u896345182/domains/piniors.com/public_html/index.php on line 15
[19-May-2023 02:55:59 UTC] Hello, errors!
[19-May-2023 02:55:59 UTC] PHP Warning:  require_once(libs/controller.php): Failed to open stream: No such file or directory in /home/u896345182/domains/piniors.com/public_html/index.php on line 15
[19-May-2023 02:55:59 UTC] PHP Fatal error:  Uncaught Error: Failed opening required 'libs/controller.php' (include_path='.:/opt/alt/php80/usr/share/pear:/opt/alt/php80/usr/share/php:/usr/share/pear:/usr/share/php') in /home/u896345182/domains/piniors.com/public_html/index.php:15
Stack trace:
#0 {main}
  thrown in /home/u896345182/domains/piniors.com/public_html/index.php on line 15
[19-May-2023 02:57:26 UTC] Hello, errors!
[19-May-2023 02:57:26 UTC] PHP Warning:  require_once(libs/view.php): Failed to open stream: No such file or directory in /home/u896345182/domains/piniors.com/public_html/index.php on line 16
[19-May-2023 02:57:26 UTC] PHP Fatal error:  Uncaught Error: Failed opening required 'libs/view.php' (include_path='.:/opt/alt/php80/usr/share/pear:/opt/alt/php80/usr/share/php:/usr/share/pear:/usr/share/php') in /home/u896345182/domains/piniors.com/public_html/index.php:16
Stack trace:
#0 {main}
  thrown in /home/u896345182/domains/piniors.com/public_html/index.php on line 16
[19-May-2023 02:57:39 UTC] Hello, errors!
[19-May-2023 02:57:47 UTC] Hello, errors!
[19-May-2023 02:57:52 UTC] Hello, errors!
[19-May-2023 02:58:31 UTC] Hello, errors!
[19-May-2023 02:59:04 UTC] Hello, errors!
[19-May-2023 02:59:06 UTC] Hello, errors!
[19-May-2023 02:59:14 UTC] Hello, errors!
[19-May-2023 03:00:16 UTC] Hello, errors!
[19-May-2023 03:00:18 UTC] Hello, errors!
[19-May-2023 03:00:33 UTC] Hello, errors!
[19-May-2023 03:00:36 UTC] Hello, errors!
[19-May-2023 03:00:42 UTC] Hello, errors!
[19-May-2023 03:00:43 UTC] Hello, errors!
[19-May-2023 03:00:45 UTC] Hello, errors!
[19-May-2023 03:00:47 UTC] Hello, errors!
[19-May-2023 03:02:16 UTC] Hello, errors!
[19-May-2023 03:02:16 UTC] Hello, errors!
[19-May-2023 03:02:17 UTC] Hello, errors!
[19-May-2023 03:02:17 UTC] Hello, errors!
[19-May-2023 03:02:20 UTC] Hello, errors!
[19-May-2023 03:02:31 UTC] Hello, errors!
[19-May-2023 03:02:38 UTC] Hello, errors!
[19-May-2023 03:02:58 UTC] Hello, errors!
[19-May-2023 03:02:58 UTC] Hello, errors!
[19-May-2023 03:02:59 UTC] Hello, errors!
[19-May-2023 03:03:00 UTC] Hello, errors!
[19-May-2023 03:03:08 UTC] Hello, errors!
[19-May-2023 03:03:19 UTC] Hello, errors!
[19-May-2023 03:03:19 UTC] Hello, errors!
[19-May-2023 03:03:21 UTC] Hello, errors!
[19-May-2023 03:03:23 UTC] Hello, errors!
[19-May-2023 03:03:24 UTC] Hello, errors!
[19-May-2023 03:03:25 UTC] Hello, errors!
[19-May-2023 03:03:28 UTC] Hello, errors!
[19-May-2023 03:03:38 UTC] Hello, errors!
[19-May-2023 03:03:46 UTC] Hello, errors!
[19-May-2023 03:03:51 UTC] Hello, errors!
[19-May-2023 03:03:57 UTC] Hello, errors!
[19-May-2023 03:03:58 UTC] Hello, errors!
[19-May-2023 03:04:01 UTC] Hello, errors!
[19-May-2023 03:04:04 UTC] Hello, errors!
[19-May-2023 03:04:07 UTC] Hello, errors!
[19-May-2023 03:04:08 UTC] Hello, errors!
[19-May-2023 03:04:10 UTC] Hello, errors!
[19-May-2023 03:04:11 UTC] Hello, errors!
[19-May-2023 03:04:15 UTC] Hello, errors!
[19-May-2023 03:04:16 UTC] Hello, errors!
[19-May-2023 03:04:16 UTC] Hello, errors!
[19-May-2023 03:04:23 UTC] Hello, errors!
[19-May-2023 03:04:32 UTC] Hello, errors!
[19-May-2023 03:04:52 UTC] Hello, errors!
[19-May-2023 03:05:11 UTC] Hello, errors!
[19-May-2023 03:05:18 UTC] Hello, errors!
[19-May-2023 03:05:24 UTC] Hello, errors!
[19-May-2023 03:05:25 UTC] Hello, errors!
[19-May-2023 03:05:25 UTC] Hello, errors!
[19-May-2023 03:05:25 UTC] Hello, errors!
[19-May-2023 03:05:26 UTC] Hello, errors!
[19-May-2023 03:05:27 UTC] Hello, errors!
[19-May-2023 03:05:27 UTC] Hello, errors!
[19-May-2023 03:05:29 UTC] Hello, errors!
[19-May-2023 03:05:31 UTC] Hello, errors!
[19-May-2023 03:05:32 UTC] Hello, errors!
[19-May-2023 03:05:39 UTC] Hello, errors!
[19-May-2023 03:05:40 UTC] Hello, errors!
[19-May-2023 03:06:00 UTC] Hello, errors!
[19-May-2023 03:06:01 UTC] Hello, errors!
[19-May-2023 03:06:01 UTC] Hello, errors!
[19-May-2023 03:06:01 UTC] Hello, errors!
[19-May-2023 03:06:03 UTC] Hello, errors!
[19-May-2023 03:06:03 UTC] Hello, errors!
[19-May-2023 03:06:03 UTC] Hello, errors!
[19-May-2023 03:06:14 UTC] Hello, errors!
[19-May-2023 03:06:14 UTC] Hello, errors!
[19-May-2023 03:06:16 UTC] Hello, errors!
[19-May-2023 03:06:18 UTC] Hello, errors!
[19-May-2023 03:06:19 UTC] Hello, errors!
[19-May-2023 03:06:20 UTC] Hello, errors!
[19-May-2023 03:06:20 UTC] Hello, errors!
[19-May-2023 03:06:39 UTC] Hello, errors!
[19-May-2023 03:06:51 UTC] Hello, errors!
[19-May-2023 03:06:57 UTC] Hello, errors!
[19-May-2023 03:06:57 UTC] PHP Fatal error:  Uncaught Error: Call to a member function prepare() on null in /home/u896345182/domains/piniors.com/public_html/models/loginmodel.php:15
Stack trace:
#0 /home/u896345182/domains/piniors.com/public_html/controllers/login.php(20): loginModel->insert()
#1 /home/u896345182/domains/piniors.com/public_html/libs/app.php(28): Login->signup()
#2 /home/u896345182/domains/piniors.com/public_html/index.php(21): App->__construct()
#3 {main}
  thrown in /home/u896345182/domains/piniors.com/public_html/models/loginmodel.php on line 15
[19-May-2023 03:06:57 UTC] Hello, errors!
[19-May-2023 03:06:57 UTC] PHP Fatal error:  Uncaught Error: Call to a member function prepare() on null in /home/u896345182/domains/piniors.com/public_html/models/loginmodel.php:15
Stack trace:
#0 /home/u896345182/domains/piniors.com/public_html/controllers/login.php(20): loginModel->insert()
#1 /home/u896345182/domains/piniors.com/public_html/libs/app.php(28): Login->signup()
#2 /home/u896345182/domains/piniors.com/public_html/index.php(21): App->__construct()
#3 {main}
  thrown in /home/u896345182/domains/piniors.com/public_html/models/loginmodel.php on line 15
[19-May-2023 03:07:09 UTC] Hello, errors!
[19-May-2023 03:07:09 UTC] PHP Fatal error:  Uncaught Error: Call to a member function prepare() on null in /home/u896345182/domains/piniors.com/public_html/models/loginmodel.php:33
Stack trace:
#0 /home/u896345182/domains/piniors.com/public_html/controllers/login.php(30): loginModel->selectUser()
#1 /home/u896345182/domains/piniors.com/public_html/libs/app.php(28): Login->login()
#2 /home/u896345182/domains/piniors.com/public_html/index.php(21): App->__construct()
#3 {main}
  thrown in /home/u896345182/domains/piniors.com/public_html/models/loginmodel.php on line 33
[19-May-2023 03:07:20 UTC] Hello, errors!
[19-May-2023 03:07:26 UTC] Hello, errors!
[19-May-2023 03:07:28 UTC] Hello, errors!
[19-May-2023 03:07:47 UTC] Hello, errors!
[19-May-2023 03:07:47 UTC] Hello, errors!
[19-May-2023 03:08:01 UTC] Hello, errors!
[19-May-2023 03:08:03 UTC] Hello, errors!
[19-May-2023 03:08:16 UTC] Hello, errors!
[19-May-2023 03:08:16 UTC] PHP Fatal error:  Uncaught Error: Call to a member function prepare() on null in /home/u896345182/domains/piniors.com/public_html/models/loginmodel.php:33
Stack trace:
#0 /home/u896345182/domains/piniors.com/public_html/controllers/login.php(30): loginModel->selectUser()
#1 /home/u896345182/domains/piniors.com/public_html/libs/app.php(28): Login->login()
#2 /home/u896345182/domains/piniors.com/public_html/index.php(21): App->__construct()
#3 {main}
  thrown in /home/u896345182/domains/piniors.com/public_html/models/loginmodel.php on line 33
[19-May-2023 03:08:41 UTC] Hello, errors!
[19-May-2023 03:09:11 UTC] Hello, errors!
[19-May-2023 03:09:23 UTC] Hello, errors!
[19-May-2023 03:09:26 UTC] Hello, errors!
[19-May-2023 03:09:28 UTC] Hello, errors!
[19-May-2023 03:09:49 UTC] Hello, errors!
[19-May-2023 03:09:49 UTC] PHP Fatal error:  Uncaught Error: Call to a member function prepare() on null in /home/u896345182/domains/piniors.com/public_html/models/loginmodel.php:33
Stack trace:
#0 /home/u896345182/domains/piniors.com/public_html/controllers/login.php(30): loginModel->selectUser()
#1 /home/u896345182/domains/piniors.com/public_html/libs/app.php(28): Login->login()
#2 /home/u896345182/domains/piniors.com/public_html/index.php(21): App->__construct()
#3 {main}
  thrown in /home/u896345182/domains/piniors.com/public_html/models/loginmodel.php on line 33
[19-May-2023 03:10:03 UTC] Hello, errors!
[19-May-2023 03:10:41 UTC] Hello, errors!
[19-May-2023 03:10:41 UTC] PHP Fatal error:  Uncaught Error: Call to a member function prepare() on null in /home/u896345182/domains/piniors.com/public_html/models/loginmodel.php:33
Stack trace:
#0 /home/u896345182/domains/piniors.com/public_html/controllers/login.php(30): loginModel->selectUser()
#1 /home/u896345182/domains/piniors.com/public_html/libs/app.php(28): Login->login()
#2 /home/u896345182/domains/piniors.com/public_html/index.php(21): App->__construct()
#3 {main}
  thrown in /home/u896345182/domains/piniors.com/public_html/models/loginmodel.php on line 33
[19-May-2023 03:10:48 UTC] Hello, errors!
[19-May-2023 03:10:53 UTC] Hello, errors!
[19-May-2023 03:10:53 UTC] PHP Fatal error:  Uncaught Error: Call to a member function prepare() on null in /home/u896345182/domains/piniors.com/public_html/models/loginmodel.php:15
Stack trace:
#0 /home/u896345182/domains/piniors.com/public_html/controllers/login.php(20): loginModel->insert()
#1 /home/u896345182/domains/piniors.com/public_html/libs/app.php(28): Login->signup()
#2 /home/u896345182/domains/piniors.com/public_html/index.php(21): App->__construct()
#3 {main}
  thrown in /home/u896345182/domains/piniors.com/public_html/models/loginmodel.php on line 15
[19-May-2023 03:11:09 UTC] Hello, errors!
[19-May-2023 03:11:09 UTC] PHP Fatal error:  Uncaught Error: Call to a member function prepare() on null in /home/u896345182/domains/piniors.com/public_html/models/loginmodel.php:33
Stack trace:
#0 /home/u896345182/domains/piniors.com/public_html/controllers/login.php(30): loginModel->selectUser()
#1 /home/u896345182/domains/piniors.com/public_html/libs/app.php(28): Login->login()
#2 /home/u896345182/domains/piniors.com/public_html/index.php(21): App->__construct()
#3 {main}
  thrown in /home/u896345182/domains/piniors.com/public_html/models/loginmodel.php on line 33
[19-May-2023 03:11:33 UTC] Hello, errors!
[19-May-2023 03:12:16 UTC] Hello, errors!
[19-May-2023 03:12:20 UTC] Hello, errors!
[19-May-2023 03:12:25 UTC] Hello, errors!
[19-May-2023 03:12:27 UTC] Hello, errors!
[19-May-2023 03:12:28 UTC] Hello, errors!
[19-May-2023 03:12:28 UTC] PHP Fatal error:  Uncaught Error: Call to a member function prepare() on null in /home/u896345182/domains/piniors.com/public_html/models/loginmodel.php:33
Stack trace:
#0 /home/u896345182/domains/piniors.com/public_html/controllers/login.php(30): loginModel->selectUser()
#1 /home/u896345182/domains/piniors.com/public_html/libs/app.php(28): Login->login()
#2 /home/u896345182/domains/piniors.com/public_html/index.php(21): App->__construct()
#3 {main}
  thrown in /home/u896345182/domains/piniors.com/public_html/models/loginmodel.php on line 33
[19-May-2023 03:12:31 UTC] Hello, errors!
[19-May-2023 03:12:37 UTC] Hello, errors!
[19-May-2023 03:12:40 UTC] Hello, errors!
[19-May-2023 03:12:58 UTC] Hello, errors!
[19-May-2023 03:12:58 UTC] PHP Fatal error:  Uncaught Error: Call to a member function prepare() on null in /home/u896345182/domains/piniors.com/public_html/models/loginmodel.php:15
Stack trace:
#0 /home/u896345182/domains/piniors.com/public_html/controllers/login.php(20): loginModel->insert()
#1 /home/u896345182/domains/piniors.com/public_html/libs/app.php(28): Login->signup()
#2 /home/u896345182/domains/piniors.com/public_html/index.php(21): App->__construct()
#3 {main}
  thrown in /home/u896345182/domains/piniors.com/public_html/models/loginmodel.php on line 15
[19-May-2023 03:13:08 UTC] Hello, errors!
[19-May-2023 03:13:08 UTC] PHP Fatal error:  Uncaught Error: Call to a member function prepare() on null in /home/u896345182/domains/piniors.com/public_html/models/loginmodel.php:33
Stack trace:
#0 /home/u896345182/domains/piniors.com/public_html/controllers/login.php(30): loginModel->selectUser()
#1 /home/u896345182/domains/piniors.com/public_html/libs/app.php(28): Login->login()
#2 /home/u896345182/domains/piniors.com/public_html/index.php(21): App->__construct()
#3 {main}
  thrown in /home/u896345182/domains/piniors.com/public_html/models/loginmodel.php on line 33
[19-May-2023 03:13:10 UTC] Hello, errors!
[19-May-2023 03:13:10 UTC] PHP Warning:  Undefined variable $username in /home/u896345182/domains/piniors.com/public_html/controllers/login.php on line 29
[19-May-2023 03:13:10 UTC] PHP Warning:  Undefined variable $password in /home/u896345182/domains/piniors.com/public_html/controllers/login.php on line 30
[19-May-2023 03:13:10 UTC] PHP Fatal error:  Uncaught Error: Call to a member function prepare() on null in /home/u896345182/domains/piniors.com/public_html/models/loginmodel.php:33
Stack trace:
#0 /home/u896345182/domains/piniors.com/public_html/controllers/login.php(30): loginModel->selectUser()
#1 /home/u896345182/domains/piniors.com/public_html/libs/app.php(28): Login->login()
#2 /home/u896345182/domains/piniors.com/public_html/index.php(21): App->__construct()
#3 {main}
  thrown in /home/u896345182/domains/piniors.com/public_html/models/loginmodel.php on line 33
[19-May-2023 03:13:21 UTC] Hello, errors!
[19-May-2023 03:13:21 UTC] PHP Fatal error:  Uncaught Error: Call to a member function prepare() on null in /home/u896345182/domains/piniors.com/public_html/models/loginmodel.php:33
Stack trace:
#0 /home/u896345182/domains/piniors.com/public_html/controllers/login.php(30): loginModel->selectUser()
#1 /home/u896345182/domains/piniors.com/public_html/libs/app.php(28): Login->login()
#2 /home/u896345182/domains/piniors.com/public_html/index.php(21): App->__construct()
#3 {main}
  thrown in /home/u896345182/domains/piniors.com/public_html/models/loginmodel.php on line 33
[19-May-2023 03:13:24 UTC] Hello, errors!
[19-May-2023 03:13:24 UTC] PHP Fatal error:  Uncaught Error: Call to a member function prepare() on null in /home/u896345182/domains/piniors.com/public_html/models/loginmodel.php:33
Stack trace:
#0 /home/u896345182/domains/piniors.com/public_html/controllers/login.php(30): loginModel->selectUser()
#1 /home/u896345182/domains/piniors.com/public_html/libs/app.php(28): Login->login()
#2 /home/u896345182/domains/piniors.com/public_html/index.php(21): App->__construct()
#3 {main}
  thrown in /home/u896345182/domains/piniors.com/public_html/models/loginmodel.php on line 33
[19-May-2023 03:13:37 UTC] Hello, errors!
[19-May-2023 03:13:40 UTC] Hello, errors!
[19-May-2023 03:13:44 UTC] Hello, errors!
[19-May-2023 03:13:44 UTC] PHP Fatal error:  Uncaught Error: Call to a member function prepare() on null in /home/u896345182/domains/piniors.com/public_html/models/loginmodel.php:33
Stack trace:
#0 /home/u896345182/domains/piniors.com/public_html/controllers/login.php(30): loginModel->selectUser()
#1 /home/u896345182/domains/piniors.com/public_html/libs/app.php(28): Login->login()
#2 /home/u896345182/domains/piniors.com/public_html/index.php(21): App->__construct()
#3 {main}
  thrown in /home/u896345182/domains/piniors.com/public_html/models/loginmodel.php on line 33
[19-May-2023 03:13:49 UTC] Hello, errors!
[19-May-2023 03:14:03 UTC] Hello, errors!
[19-May-2023 03:14:03 UTC] PHP Fatal error:  Uncaught Error: Call to a member function prepare() on null in /home/u896345182/domains/piniors.com/public_html/models/loginmodel.php:33
Stack trace:
#0 /home/u896345182/domains/piniors.com/public_html/controllers/login.php(30): loginModel->selectUser()
#1 /home/u896345182/domains/piniors.com/public_html/libs/app.php(28): Login->login()
#2 /home/u896345182/domains/piniors.com/public_html/index.php(21): App->__construct()
#3 {main}
  thrown in /home/u896345182/domains/piniors.com/public_html/models/loginmodel.php on line 33
[19-May-2023 03:21:37 UTC] Hello, errors!
[19-May-2023 03:22:38 UTC] Hello, errors!
[19-May-2023 03:22:42 UTC] Hello, errors!
[19-May-2023 03:23:03 UTC] Hello, errors!
[19-May-2023 03:23:03 UTC] Hello, errors!
[19-May-2023 03:23:03 UTC] Hello, errors!
[19-May-2023 03:23:10 UTC] Hello, errors!
[19-May-2023 03:23:17 UTC] Hello, errors!
[19-May-2023 03:23:17 UTC] Hello, errors!
[19-May-2023 03:23:29 UTC] Hello, errors!
[19-May-2023 03:23:29 UTC] PHP Fatal error:  Uncaught Error: Call to undefined method Login::registro() in /home/u896345182/domains/piniors.com/public_html/libs/app.php:28
Stack trace:
#0 /home/u896345182/domains/piniors.com/public_html/index.php(21): App->__construct()
#1 {main}
  thrown in /home/u896345182/domains/piniors.com/public_html/libs/app.php on line 28
[19-May-2023 03:23:29 UTC] Hello, errors!
[19-May-2023 03:23:43 UTC] Hello, errors!
[19-May-2023 03:23:43 UTC] Hello, errors!
[19-May-2023 03:23:50 UTC] Hello, errors!
[19-May-2023 03:23:53 UTC] Hello, errors!
[19-May-2023 03:24:00 UTC] Hello, errors!
[19-May-2023 03:24:20 UTC] Hello, errors!
[19-May-2023 03:24:44 UTC] Hello, errors!
[19-May-2023 03:24:44 UTC] Hello, errors!
[19-May-2023 03:24:55 UTC] Hello, errors!
[19-May-2023 03:24:57 UTC] Hello, errors!
[19-May-2023 03:25:09 UTC] Hello, errors!
[19-May-2023 03:25:20 UTC] Hello, errors!
[19-May-2023 03:25:20 UTC] Hello, errors!
[19-May-2023 03:25:20 UTC] Hello, errors!
[19-May-2023 03:25:23 UTC] Hello, errors!
[19-May-2023 03:25:32 UTC] Hello, errors!
[19-May-2023 03:25:32 UTC] Hello, errors!
[19-May-2023 03:25:32 UTC] Hello, errors!
[19-May-2023 03:25:34 UTC] Hello, errors!
[19-May-2023 03:25:36 UTC] Hello, errors!
[19-May-2023 03:25:45 UTC] Hello, errors!
[19-May-2023 03:25:45 UTC] Hello, errors!
[19-May-2023 03:25:45 UTC] Hello, errors!
[19-May-2023 03:25:57 UTC] Hello, errors!
[19-May-2023 03:26:05 UTC] Hello, errors!
[19-May-2023 03:26:17 UTC] Hello, errors!
[19-May-2023 03:26:17 UTC] PHP Fatal error:  Uncaught Error: Call to undefined method Login::registro() in /home/u896345182/domains/piniors.com/public_html/libs/app.php:28
Stack trace:
#0 /home/u896345182/domains/piniors.com/public_html/index.php(21): App->__construct()
#1 {main}
  thrown in /home/u896345182/domains/piniors.com/public_html/libs/app.php on line 28
[19-May-2023 03:26:50 UTC] Hello, errors!
[19-May-2023 03:26:50 UTC] PHP Fatal error:  Uncaught Error: Call to undefined method Login::registro() in /home/u896345182/domains/piniors.com/public_html/libs/app.php:28
Stack trace:
#0 /home/u896345182/domains/piniors.com/public_html/index.php(21): App->__construct()
#1 {main}
  thrown in /home/u896345182/domains/piniors.com/public_html/libs/app.php on line 28
[19-May-2023 03:26:59 UTC] Hello, errors!
[19-May-2023 03:27:02 UTC] Hello, errors!
[19-May-2023 03:27:02 UTC] PHP Fatal error:  Uncaught Error: Call to undefined method Login::registro() in /home/u896345182/domains/piniors.com/public_html/libs/app.php:28
Stack trace:
#0 /home/u896345182/domains/piniors.com/public_html/index.php(21): App->__construct()
#1 {main}
  thrown in /home/u896345182/domains/piniors.com/public_html/libs/app.php on line 28
[19-May-2023 03:27:12 UTC] Hello, errors!
[19-May-2023 03:27:15 UTC] Hello, errors!
[19-May-2023 03:27:31 UTC] Hello, errors!
[19-May-2023 03:27:32 UTC] Hello, errors!
[19-May-2023 03:27:32 UTC] PHP Warning:  Undefined variable $name in /home/u896345182/domains/piniors.com/public_html/controllers/login.php on line 17
[19-May-2023 03:27:32 UTC] PHP Warning:  Undefined variable $username in /home/u896345182/domains/piniors.com/public_html/controllers/login.php on line 18
[19-May-2023 03:27:32 UTC] PHP Warning:  Undefined variable $email in /home/u896345182/domains/piniors.com/public_html/controllers/login.php on line 19
[19-May-2023 03:27:32 UTC] PHP Warning:  Undefined variable $password in /home/u896345182/domains/piniors.com/public_html/controllers/login.php on line 20
[19-May-2023 03:27:38 UTC] Hello, errors!
[19-May-2023 03:27:39 UTC] Hello, errors!
[19-May-2023 03:29:58 UTC] Hello, errors!
[19-May-2023 03:30:18 UTC] Hello, errors!
[19-May-2023 03:30:43 UTC] Hello, errors!
[19-May-2023 03:30:45 UTC] Hello, errors!
[19-May-2023 03:31:21 UTC] Hello, errors!
[19-May-2023 03:33:04 UTC] Hello, errors!
[19-May-2023 03:34:33 UTC] Hello, errors!
[19-May-2023 03:35:30 UTC] Hello, errors!
[19-May-2023 03:35:32 UTC] Hello, errors!
[19-May-2023 03:35:36 UTC] Hello, errors!
[19-May-2023 03:35:38 UTC] Hello, errors!
[19-May-2023 03:35:39 UTC] Hello, errors!
[19-May-2023 03:35:42 UTC] Hello, errors!
[19-May-2023 03:35:46 UTC] Hello, errors!
[19-May-2023 03:35:48 UTC] Hello, errors!
[19-May-2023 03:36:05 UTC] Hello, errors!
[19-May-2023 03:36:07 UTC] Hello, errors!
[19-May-2023 03:36:07 UTC] PHP Warning:  Undefined variable $username in /home/u896345182/domains/piniors.com/public_html/controllers/login.php on line 29
[19-May-2023 03:36:07 UTC] PHP Warning:  Undefined variable $password in /home/u896345182/domains/piniors.com/public_html/controllers/login.php on line 30
[19-May-2023 03:36:10 UTC] Hello, errors!
[19-May-2023 03:36:18 UTC] Hello, errors!
[19-May-2023 03:36:18 UTC] Hello, errors!
[19-May-2023 03:36:26 UTC] Hello, errors!
[19-May-2023 03:36:29 UTC] Hello, errors!
[19-May-2023 03:36:30 UTC] Hello, errors!
[19-May-2023 03:36:32 UTC] Hello, errors!
[19-May-2023 03:36:33 UTC] Hello, errors!
[19-May-2023 03:39:56 UTC] Hello, errors!
[19-May-2023 03:40:38 UTC] Hello, errors!
[19-May-2023 03:40:38 UTC] Hello, errors!
[19-May-2023 03:45:00 UTC] Hello, errors!
[19-May-2023 03:45:10 UTC] Hello, errors!
[19-May-2023 03:45:14 UTC] Hello, errors!
[19-May-2023 03:45:18 UTC] Hello, errors!
[19-May-2023 03:45:36 UTC] Hello, errors!
